[2018-06-21 03:28:16][{"id":"3","username":"yzf2","password":"52cb80a533fc37ab1b662d860727546b4ce9c2cd","admin":"0"}]
[2018-06-21 03:28:16]SELECT * FROM user WHERE `id`='3' 
[2018-06-21 03:31:51][{"id":"3","username":"yzf2","password":"52cb80a533fc37ab1b662d860727546b4ce9c2cd","admin":"0"}]
[2018-06-21 03:31:51]SELECT * FROM user WHERE `id`='3' 
[2018-06-21 03:31:54][{"id":"3","username":"yzf2","password":"52cb80a533fc37ab1b662d860727546b4ce9c2cd","admin":"0"}]
[2018-06-21 03:31:54]SELECT * FROM user WHERE `id`='3' 
[2018-06-21 03:31:54]UPDATE user SET WHERE id=3
[2018-06-21 03:32:57][{"id":"3","username":"yzf2","password":"52cb80a533fc37ab1b662d860727546b4ce9c2cd","admin":"0"}]
[2018-06-21 03:32:57]SELECT * FROM user WHERE `id`='3' 
[2018-06-21 03:32:59][{"id":"3","username":"yzf2","password":"52cb80a533fc37ab1b662d860727546b4ce9c2cd","admin":"0"}]
[2018-06-21 03:32:59]SELECT * FROM user WHERE `id`='3' 
[2018-06-21 03:32:59]UPDATE user SET 'id'='3', 'username'='yzf2', 'password'='52cb80a533fc37ab1b662d860727546b4ce9c2cd', 'admin'='1'WHERE id=3
[2018-06-21 03:33:43][{"id":"3","username":"yzf2","password":"52cb80a533fc37ab1b662d860727546b4ce9c2cd","admin":"0"}]
[2018-06-21 03:33:43]SELECT * FROM user WHERE `id`='3' 
[2018-06-21 03:33:45][{"id":"3","username":"yzf2","password":"52cb80a533fc37ab1b662d860727546b4ce9c2cd","admin":"0"}]
[2018-06-21 03:33:45]SELECT * FROM user WHERE `id`='3' 
[2018-06-21 03:33:45]UPDATE user SET `id`='3' , `username`='yzf2' , `password`='52cb80a533fc37ab1b662d860727546b4ce9c2cd' , `admin`='1' WHERE id=3
[2018-06-21 03:35:54][]
[2018-06-21 03:35:54]SELECT * FROM user WHERE `username`='yzf3' 
[2018-06-21 03:36:10][{"id":"7","ownerid":"1","firstname":"first_name_one","middlename":"middle_name_one","lastname":"last_name_one"}]
[2018-06-21 03:36:10]SELECT * FROM contact WHERE `id`='7' 
[2018-06-21 03:36:12][]
[2018-06-21 03:36:12]SELECT * FROM contact WHERE `id`='0' 
[2018-06-21 03:36:32][{"id":"1","username":"yzf","password":"d6b930507a6d6533b7280efb2503850d18cd7694","admin":"1"}]
[2018-06-21 03:36:32]SELECT * FROM user WHERE `username`='yzf' 
[2018-06-21 03:37:51][{"id":"8","ownerid":"1","firstname":"contact_1","middlename":"contact_2","lastname":"contact_3"}]
[2018-06-21 03:37:51]SELECT * FROM contact WHERE `id`='8' 
[2018-06-21 03:38:19][]
[2018-06-21 03:38:19]SELECT * FROM contact WHERE `id`='0' 
[2018-06-21 03:39:51][]
[2018-06-21 03:39:51]SELECT * FROM contact WHERE `id`='0' 
[2018-06-21 03:40:07][{"id":"8","ownerid":"1","firstname":"contact_1","middlename":"contact_2","lastname":"contact_3"}]
[2018-06-21 03:40:07]SELECT * FROM contact WHERE `id`='8' 
[2018-06-21 03:40:41][{"id":"8","ownerid":"1","firstname":"contact_1","middlename":"contact_2","lastname":"contact_3"}]
[2018-06-21 03:40:41]SELECT * FROM contact WHERE `id`='8' 
[2018-06-21 03:41:09][{"id":"8","ownerid":"1","firstname":"contact_1","middlename":"contact_2","lastname":"contact_3"}]
[2018-06-21 03:41:09]SELECT * FROM contact WHERE `id`='8' 
[2018-06-21 03:42:35][{"id":"8","ownerid":"1","firstname":"contact_1","middlename":"contact_2","lastname":"contact_3"}]
[2018-06-21 03:42:35]SELECT * FROM contact WHERE `id`='8' 
[2018-06-21 03:43:16][{"id":"8","ownerid":"1","firstname":"contact_1","middlename":"contact_2","lastname":"contact_3"}]
[2018-06-21 03:43:16]SELECT * FROM contact WHERE `id`='8' 
[2018-06-21 03:43:38][{"id":"8","ownerid":"1","firstname":"contact_1","middlename":"contact_2","lastname":"contact_3"}]
[2018-06-21 03:43:38]SELECT * FROM contact WHERE `id`='8' 
[2018-06-21 03:44:10][{"id":"8","ownerid":"1","firstname":"contact_1","middlename":"contact_2","lastname":"contact_3"}]
[2018-06-21 03:44:10]SELECT * FROM contact WHERE `id`='8' 
[2018-06-21 03:45:04][{"id":"8","ownerid":"1","firstname":"contact_1","middlename":"contact_2","lastname":"contact_3"}]
[2018-06-21 03:45:04]SELECT * FROM contact WHERE `id`='8' 
[2018-06-21 03:46:05][{"id":"8","ownerid":"1","firstname":"contact_1","middlename":"contact_2","lastname":"contact_3"}]
[2018-06-21 03:46:05]SELECT * FROM contact WHERE `id`='8' 
[2018-06-21 03:46:41][{"id":"8","ownerid":"1","firstname":"contact_1","middlename":"contact_2","lastname":"contact_3"}]
[2018-06-21 03:46:41]SELECT * FROM contact WHERE `id`='8' 
[2018-06-21 03:48:40][{"id":"8","ownerid":"1","firstname":"contact_1","middlename":"contact_2","lastname":"contact_3"}]
[2018-06-21 03:48:40]SELECT * FROM contact WHERE `id`='8' 
[2018-06-21 03:49:34][{"id":"8","ownerid":"1","firstname":"contact_1","middlename":"contact_2","lastname":"contact_3"}]
[2018-06-21 03:49:34]SELECT * FROM contact WHERE `id`='8' 
[2018-06-21 03:53:01][{"id":"8","ownerid":"1","firstname":"contact_1","middlename":"contact_2","lastname":"contact_3"}]
[2018-06-21 03:53:01]SELECT * FROM contact WHERE `id`='8' 
[2018-06-21 03:53:31][{"id":"8","ownerid":"1","firstname":"contact_1","middlename":"contact_2","lastname":"contact_3"}]
[2018-06-21 03:53:31]SELECT * FROM contact WHERE `id`='8' 
[2018-06-21 03:54:24][{"id":"8","ownerid":"1","firstname":"contact_1","middlename":"contact_2","lastname":"contact_3"}]
[2018-06-21 03:54:24]SELECT * FROM contact WHERE `id`='8' 
[2018-06-21 03:55:03][{"id":"8","ownerid":"1","firstname":"contact_1","middlename":"contact_2","lastname":"contact_3"}]
[2018-06-21 03:55:03]SELECT * FROM contact WHERE `id`='8' 
[2018-06-21 03:55:59][{"id":"8","ownerid":"1","firstname":"contact_1","middlename":"contact_2","lastname":"contact_3"}]
[2018-06-21 03:55:59]SELECT * FROM contact WHERE `id`='8' 
[2018-06-21 03:56:36][{"id":"8","ownerid":"1","firstname":"contact_1","middlename":"contact_2","lastname":"contact_3"}]
[2018-06-21 03:56:36]SELECT * FROM contact WHERE `id`='8' 
[2018-06-21 03:58:04][{"id":"8","ownerid":"1","firstname":"contact_1","middlename":"contact_2","lastname":"contact_3"}]
[2018-06-21 03:58:04]SELECT * FROM contact WHERE `id`='8' 
[2018-06-21 03:58:14][{"id":"8","ownerid":"1","firstname":"contact_1","middlename":"contact_2","lastname":"contact_3"}]
[2018-06-21 03:58:14]SELECT * FROM contact WHERE `id`='8' 
